2023-12-01 19:53:49.474 [background-preinit] INFO  org.hibernate.validator.internal.util.Version - HV000001: Hibernate Validator 6.2.5.Final
2023-12-01 19:53:49.615 [restartedMain] INFO  com.vti.FinalExamApplication - Starting FinalExamApplication using Java 1.8.0_392 on DESKTOP-F7VJNGS with PID 17628 (C:\Users\nkock\OneDrive\Desktop\final-exam\target\classes started by nkock in C:\Users\nkock\OneDrive\Desktop\final-exam)
2023-12-01 19:53:49.629 [restartedMain] INFO  com.vti.FinalExamApplication - No active profile set, falling back to 1 default profile: "default"
2023-12-01 19:53:49.784 [restartedMain] INFO  org.springframework.boot.devtools.env.DevToolsPropertyDefaultsPostProcessor - Devtools property defaults active! Set 'spring.devtools.add-properties' to 'false' to disable
2023-12-01 19:53:49.785 [restartedMain] INFO  org.springframework.boot.devtools.env.DevToolsPropertyDefaultsPostProcessor - For additional web related logging consider setting the 'logging.level.web' property to 'DEBUG'
2023-12-01 19:53:52.477 [restartedMain] INFO  org.springframework.data.repository.config.RepositoryConfigurationDelegate - Bootstrapping Spring Data JPA repositories in DEFAULT mode.
2023-12-01 19:53:52.609 [restartedMain] INFO  org.springframework.data.repository.config.RepositoryConfigurationDelegate - Finished Spring Data repository scanning in 112 ms. Found 2 JPA repository interfaces.
2023-12-01 19:53:54.432 [restartedMain] INFO  org.springframework.boot.web.embedded.tomcat.TomcatWebServer - Tomcat initialized with port(s): 8080 (http)
2023-12-01 19:53:54.445 [restartedMain] INFO  org.apache.coyote.http11.Http11NioProtocol - Initializing ProtocolHandler ["http-nio-8080"]
2023-12-01 19:53:54.446 [restartedMain] INFO  org.apache.catalina.core.StandardService - Starting service [Tomcat]
2023-12-01 19:53:54.446 [restartedMain] INFO  org.apache.catalina.core.StandardEngine - Starting Servlet engine: [Apache Tomcat/9.0.73]
2023-12-01 19:53:54.592 [restartedMain] INFO  org.apache.catalina.core.ContainerBase.[Tomcat].[localhost].[/] - Initializing Spring embedded WebApplicationContext
2023-12-01 19:53:54.593 [restartedMain] INFO  org.springframework.boot.web.servlet.context.ServletWebServerApplicationContext - Root WebApplicationContext: initialization completed in 4806 ms
2023-12-01 19:53:54.897 [restartedMain] INFO  org.hibernate.jpa.internal.util.LogHelper - HHH000204: Processing PersistenceUnitInfo [name: default]
2023-12-01 19:53:54.991 [restartedMain] INFO  org.hibernate.Version - HHH000412: Hibernate ORM core version 5.6.15.Final
2023-12-01 19:53:55.276 [restartedMain] INFO  org.hibernate.annotations.common.Version - HCANN000001: Hibernate Commons Annotations {5.1.2.Final}
2023-12-01 19:53:55.462 [restartedMain] INFO  com.zaxxer.hikari.HikariDataSource - HikariPool-1 - Starting...
2023-12-01 19:53:56.072 [restartedMain] INFO  com.zaxxer.hikari.HikariDataSource - HikariPool-1 - Start completed.
2023-12-01 19:53:56.150 [restartedMain] INFO  org.hibernate.dialect.Dialect - HHH000400: Using dialect: org.hibernate.dialect.MySQL8Dialect
2023-12-01 19:53:57.447 [restartedMain] INFO  org.hibernate.engine.transaction.jta.platform.internal.JtaPlatformInitiator - HHH000490: Using JtaPlatform implementation: [org.hibernate.engine.transaction.jta.platform.internal.NoJtaPlatform]
2023-12-01 19:53:57.461 [restartedMain] INFO  org.springframework.orm.jpa.LocalContainerEntityManagerFactoryBean - Initialized JPA EntityManagerFactory for persistence unit 'default'
2023-12-01 19:53:59.262 [restartedMain] WARN  org.springframework.boot.autoconfigure.orm.jpa.JpaBaseConfiguration$JpaWebConfiguration - spring.jpa.open-in-view is enabled by default. Therefore, database queries may be performed during view rendering. Explicitly configure spring.jpa.open-in-view to disable this warning
2023-12-01 19:53:59.775 [restartedMain] INFO  org.springframework.security.web.DefaultSecurityFilterChain - Will secure any request with [org.springframework.security.web.session.DisableEncodeUrlFilter@6bdc0a10, org.springframework.security.web.context.request.async.WebAsyncManagerIntegrationFilter@da8ec32d, org.springframework.security.web.context.SecurityContextPersistenceFilter@8d07ab9b, org.springframework.security.web.header.HeaderWriterFilter@1199b133, org.springframework.web.filter.CorsFilter@17576a02, org.springframework.security.web.authentication.logout.LogoutFilter@3253edf4, org.springframework.security.web.authentication.UsernamePasswordAuthenticationFilter@2b82f7c1, org.springframework.security.web.authentication.www.BasicAuthenticationFilter@b5298598, org.springframework.security.web.savedrequest.RequestCacheAwareFilter@18e82e48, org.springframework.security.web.servletapi.SecurityContextHolderAwareRequestFilter@69361af, org.springframework.security.web.authentication.rememberme.RememberMeAuthenticationFilter@a9b95620, org.springframework.security.web.authentication.AnonymousAuthenticationFilter@9e0d8067, org.springframework.security.web.session.SessionManagementFilter@48667d9d, org.springframework.security.web.access.ExceptionTranslationFilter@84d6a782, org.springframework.security.web.access.intercept.AuthorizationFilter@1c2ab1e1]
2023-12-01 19:53:59.780 [restartedMain] WARN  org.springframework.security.config.annotation.web.builders.WebSecurity - You are asking Spring Security to ignore Ant [pattern='/']. This is not recommended -- please use permitAll via HttpSecurity#authorizeHttpRequests instead.
2023-12-01 19:53:59.781 [restartedMain] INFO  org.springframework.security.web.DefaultSecurityFilterChain - Will not secure Ant [pattern='/']
2023-12-01 19:53:59.781 [restartedMain] WARN  org.springframework.security.config.annotation.web.builders.WebSecurity - You are asking Spring Security to ignore Ant [pattern='/index.html']. This is not recommended -- please use permitAll via HttpSecurity#authorizeHttpRequests instead.
2023-12-01 19:53:59.781 [restartedMain] INFO  org.springframework.security.web.DefaultSecurityFilterChain - Will not secure Ant [pattern='/index.html']
2023-12-01 19:53:59.781 [restartedMain] WARN  org.springframework.security.config.annotation.web.builders.WebSecurity - You are asking Spring Security to ignore Ant [pattern='/common/**']. This is not recommended -- please use permitAll via HttpSecurity#authorizeHttpRequests instead.
2023-12-01 19:53:59.781 [restartedMain] INFO  org.springframework.security.web.DefaultSecurityFilterChain - Will not secure Ant [pattern='/common/**']
2023-12-01 19:53:59.782 [restartedMain] WARN  org.springframework.security.config.annotation.web.builders.WebSecurity - You are asking Spring Security to ignore Ant [pattern='/page/**']. This is not recommended -- please use permitAll via HttpSecurity#authorizeHttpRequests instead.
2023-12-01 19:53:59.782 [restartedMain] INFO  org.springframework.security.web.DefaultSecurityFilterChain - Will not secure Ant [pattern='/page/**']
2023-12-01 19:53:59.782 [restartedMain] WARN  org.springframework.security.config.annotation.web.builders.WebSecurity - You are asking Spring Security to ignore Ant [pattern='/utils/**']. This is not recommended -- please use permitAll via HttpSecurity#authorizeHttpRequests instead.
2023-12-01 19:53:59.782 [restartedMain] INFO  org.springframework.security.web.DefaultSecurityFilterChain - Will not secure Ant [pattern='/utils/**']
2023-12-01 19:53:59.950 [restartedMain] INFO  org.springframework.boot.devtools.autoconfigure.OptionalLiveReloadServer - LiveReload server is running on port 35729
2023-12-01 19:54:00.015 [restartedMain] INFO  org.springframework.boot.autoconfigure.web.servlet.WelcomePageHandlerMapping - Adding welcome page: class path resource [static/index.html]
2023-12-01 19:54:00.369 [restartedMain] INFO  org.apache.coyote.http11.Http11NioProtocol - Starting ProtocolHandler ["http-nio-8080"]
2023-12-01 19:54:00.388 [restartedMain] INFO  org.springframework.boot.web.embedded.tomcat.TomcatWebServer - Tomcat started on port(s): 8080 (http) with context path ''
2023-12-01 19:54:01.241 [restartedMain] INFO  com.vti.FinalExamApplication - Started FinalExamApplication in 12.646 seconds (JVM running for 15.106)
2023-12-01 19:54:12.250 [http-nio-8080-exec-1] INFO  org.apache.catalina.core.ContainerBase.[Tomcat].[localhost].[/] - Initializing Spring DispatcherServlet 'dispatcherServlet'
2023-12-01 19:54:12.251 [http-nio-8080-exec-1] INFO  org.springframework.web.servlet.DispatcherServlet - Initializing Servlet 'dispatcherServlet'
2023-12-01 19:54:12.253 [http-nio-8080-exec-1] INFO  org.springframework.web.servlet.DispatcherServlet - Completed initialization in 2 ms
2023-12-01 20:08:34.696 [SpringApplicationShutdownHook] INFO  org.springframework.orm.jpa.LocalContainerEntityManagerFactoryBean - Closing JPA EntityManagerFactory for persistence unit 'default'
2023-12-01 20:08:34.704 [SpringApplicationShutdownHook] INFO  com.zaxxer.hikari.HikariDataSource - HikariPool-1 - Shutdown initiated...
2023-12-01 20:08:34.714 [SpringApplicationShutdownHook] INFO  com.zaxxer.hikari.HikariDataSource - HikariPool-1 - Shutdown completed.
